Determining if the pthread_create exist failed with the following output:
Change Dir: /home/lucas/panda_ws/src/auctuspanda/velocity_qp/build/CMakeFiles/CMakeTmp

Run Build Command:"/usr/bin/make" "cmTC_9b71d/fast"
/usr/bin/make -f CMakeFiles/cmTC_9b71d.dir/build.make CMakeFiles/cmTC_9b71d.dir/build
make[1]: Entering directory '/home/lucas/panda_ws/src/auctuspanda/velocity_qp/build/CMakeFiles/CMakeTmp'
Building C object CMakeFiles/cmTC_9b71d.dir/CheckSymbolExists.c.o
/usr/bin/clang-6.0    -o CMakeFiles/cmTC_9b71d.dir/CheckSymbolExists.c.o   -c /home/lucas/panda_ws/src/auctuspanda/velocity_qp/build/CMakeFiles/CMakeTmp/CheckSymbolExists.c
Linking C executable cmTC_9b71d
/usr/bin/cmake -E cmake_link_script CMakeFiles/cmTC_9b71d.dir/link.txt --verbose=1
/usr/bin/clang-6.0      -rdynamic CMakeFiles/cmTC_9b71d.dir/CheckSymbolExists.c.o  -o cmTC_9b71d 
CMakeFiles/cmTC_9b71d.dir/CheckSymbolExists.c.o: In function `main':
CheckSymbolExists.c:(.text+0x19): undefined reference to `pthread_create'
clang: error: linker command failed with exit code 1 (use -v to see invocation)
CMakeFiles/cmTC_9b71d.dir/build.make:97: recipe for target 'cmTC_9b71d' failed
make[1]: *** [cmTC_9b71d] Error 1
make[1]: Leaving directory '/home/lucas/panda_ws/src/auctuspanda/velocity_qp/build/CMakeFiles/CMakeTmp'
Makefile:126: recipe for target 'cmTC_9b71d/fast' failed
make: *** [cmTC_9b71d/fast] Error 2

File /home/lucas/panda_ws/src/auctuspanda/velocity_qp/build/CMakeFiles/CMakeTmp/CheckSymbolExists.c:
/* */
#include <pthread.h>

int main(int argc, char** argv)
{
  (void)argv;
#ifndef pthread_create
  return ((int*)(&pthread_create))[argc];
#else
  (void)argc;
  return 0;
#endif
}

Determining if the function pthread_create exists in the pthreads failed with the following output:
Change Dir: /home/lucas/panda_ws/src/auctuspanda/velocity_qp/build/CMakeFiles/CMakeTmp

Run Build Command:"/usr/bin/make" "cmTC_4130a/fast"
/usr/bin/make -f CMakeFiles/cmTC_4130a.dir/build.make CMakeFiles/cmTC_4130a.dir/build
make[1]: Entering directory '/home/lucas/panda_ws/src/auctuspanda/velocity_qp/build/CMakeFiles/CMakeTmp'
Building C object CMakeFiles/cmTC_4130a.dir/CheckFunctionExists.c.o
/usr/bin/clang-6.0   -DCHECK_FUNCTION_EXISTS=pthread_create   -o CMakeFiles/cmTC_4130a.dir/CheckFunctionExists.c.o   -c /usr/share/cmake-3.10/Modules/CheckFunctionExists.c
Linking C executable cmTC_4130a
/usr/bin/cmake -E cmake_link_script CMakeFiles/cmTC_4130a.dir/link.txt --verbose=1
/usr/bin/clang-6.0  -DCHECK_FUNCTION_EXISTS=pthread_create    -rdynamic CMakeFiles/cmTC_4130a.dir/CheckFunctionExists.c.o  -o cmTC_4130a -lpthreads 
/usr/bin/ld: cannot find -lpthreads
clang: error: linker command failed with exit code 1 (use -v to see invocation)
CMakeFiles/cmTC_4130a.dir/build.make:97: recipe for target 'cmTC_4130a' failed
make[1]: *** [cmTC_4130a] Error 1
make[1]: Leaving directory '/home/lucas/panda_ws/src/auctuspanda/velocity_qp/build/CMakeFiles/CMakeTmp'
Makefile:126: recipe for target 'cmTC_4130a/fast' failed
make: *** [cmTC_4130a/fast] Error 2


